{"name":"Tc_01_RegisterNewUser","status":"broken","statusDetails":{"known":false,"muted":false,"flaky":false,"message":"no such window: target window already closed\nfrom unknown error: web view not found\n  (Session info: chrome=85.0.4183.83)\nBuild info: version: '4.0.0-alpha-5', revision: 'b3a0d621cc'\nSystem info: host: 'DESKTOP-JSMQUV3', ip: '192.168.43.31', os.name: 'Windows 10', os.arch: 'amd64', os.version: '10.0', java.version: '11.0.5'\nDriver info: org.openqa.selenium.chrome.ChromeDriver\nCapabilities {acceptInsecureCerts: false, browserName: chrome, browserVersion: 85.0.4183.83, chrome: {chromedriverVersion: 85.0.4183.83 (94abc2237ae0c..., userDataDir: C:\\Users\\srini\\AppData\\Loca...}, goog:chromeOptions: {debuggerAddress: localhost:62720}, javascriptEnabled: true, networkConnectionEnabled: false, pageLoadStrategy: normal, platform: WINDOWS, platformName: WINDOWS, proxy: Proxy(), setWindowRect: true, strictFileInteractability: false, timeouts: {implicit: 0, pageLoad: 300000, script: 30000}, unhandledPromptBehavior: dismiss and notify, webauthn:virtualAuthenticators: true}\nSession ID: 695bc88bd690b26b7493972d9ca9addb","trace":"org.openqa.selenium.NoSuchWindowException: no such window: target window already closed\nfrom unknown error: web view not found\n  (Session info: chrome=85.0.4183.83)\nBuild info: version: '4.0.0-alpha-5', revision: 'b3a0d621cc'\nSystem info: host: 'DESKTOP-JSMQUV3', ip: '192.168.43.31', os.name: 'Windows 10', os.arch: 'amd64', os.version: '10.0', java.version: '11.0.5'\nDriver info: org.openqa.selenium.chrome.ChromeDriver\nCapabilities {acceptInsecureCerts: false, browserName: chrome, browserVersion: 85.0.4183.83, chrome: {chromedriverVersion: 85.0.4183.83 (94abc2237ae0c..., userDataDir: C:\\Users\\srini\\AppData\\Loca...}, goog:chromeOptions: {debuggerAddress: localhost:62720}, javascriptEnabled: true, networkConnectionEnabled: false, pageLoadStrategy: normal, platform: WINDOWS, platformName: WINDOWS, proxy: Proxy(), setWindowRect: true, strictFileInteractability: false, timeouts: {implicit: 0, pageLoad: 300000, script: 30000}, unhandledPromptBehavior: dismiss and notify, webauthn:virtualAuthenticators: true}\nSession ID: 695bc88bd690b26b7493972d9ca9addb\r\n\tat java.base/jdk.internal.reflect.NativeConstructorAccessorImpl.newInstance0(Native Method)\r\n\tat java.base/jdk.internal.reflect.NativeConstructorAccessorImpl.newInstance(NativeConstructorAccessorImpl.java:62)\r\n\tat java.base/jdk.internal.reflect.DelegatingConstructorAccessorImpl.newInstance(DelegatingConstructorAccessorImpl.java:45)\r\n\tat java.base/java.lang.reflect.Constructor.newInstance(Constructor.java:490)\r\n\tat org.openqa.selenium.remote.codec.w3c.W3CHttpResponseCodec.createException(W3CHttpResponseCodec.java:196)\r\n\tat org.openqa.selenium.remote.codec.w3c.W3CHttpResponseCodec.decode(W3CHttpResponseCodec.java:129)\r\n\tat org.openqa.selenium.remote.codec.w3c.W3CHttpResponseCodec.decode(W3CHttpResponseCodec.java:53)\r\n\tat org.openqa.selenium.remote.HttpCommandExecutor.execute(HttpCommandExecutor.java:161)\r\n\tat org.openqa.selenium.remote.service.DriverCommandExecutor.execute(DriverCommandExecutor.java:83)\r\n\tat org.openqa.selenium.remote.RemoteWebDriver.execute(RemoteWebDriver.java:582)\r\n\tat org.openqa.selenium.remote.RemoteWebDriver.execute(RemoteWebDriver.java:639)\r\n\tat org.openqa.selenium.remote.RemoteWebDriver.execute(RemoteWebDriver.java:643)\r\n\tat org.openqa.selenium.remote.RemoteWebDriver.getScreenshotAs(RemoteWebDriver.java:303)\r\n\tat com.genericmethods.GenericMethods.getScreenshot(GenericMethods.java:214)\r\n\tat com.applicationpages.RegistrationPage.Logout_page(RegistrationPage.java:110)\r\n\tat com.testcases.Tc_01_RegisterNewUser.Tc_01_RegisterNewUser(Tc_01_RegisterNewUser.java:23)\r\n\tat java.base/jdk.internal.reflect.NativeMethodAccessorImpl.invoke0(Native Method)\r\n\tat java.base/jdk.internal.reflect.NativeMethodAccessorImpl.invoke(NativeMethodAccessorImpl.java:62)\r\n\tat java.base/jdk.internal.reflect.DelegatingMethodAccessorImpl.invoke(DelegatingMethodAccessorImpl.java:43)\r\n\tat java.base/java.lang.reflect.Method.invoke(Method.java:566)\r\n\tat org.testng.internal.MethodInvocationHelper.invokeMethod(MethodInvocationHelper.java:134)\r\n\tat org.testng.internal.TestInvoker.invokeMethod(TestInvoker.java:597)\r\n\tat org.testng.internal.TestInvoker.invokeTestMethod(TestInvoker.java:173)\r\n\tat org.testng.internal.MethodRunner.runInSequence(MethodRunner.java:46)\r\n\tat org.testng.internal.TestInvoker$MethodInvocationAgent.invoke(TestInvoker.java:816)\r\n\tat org.testng.internal.TestInvoker.invokeTestMethods(TestInvoker.java:146)\r\n\tat org.testng.internal.TestMethodWorker.invokeTestMethods(TestMethodWorker.java:146)\r\n\tat org.testng.internal.TestMethodWorker.run(TestMethodWorker.java:128)\r\n\tat java.base/java.util.ArrayList.forEach(ArrayList.java:1540)\r\n\tat org.testng.TestRunner.privateRun(TestRunner.java:766)\r\n\tat org.testng.TestRunner.run(TestRunner.java:587)\r\n\tat org.testng.SuiteRunner.runTest(SuiteRunner.java:384)\r\n\tat org.testng.SuiteRunner.runSequentially(SuiteRunner.java:378)\r\n\tat org.testng.SuiteRunner.privateRun(SuiteRunner.java:337)\r\n\tat org.testng.SuiteRunner.run(SuiteRunner.java:286)\r\n\tat org.testng.SuiteRunnerWorker.runSuite(SuiteRunnerWorker.java:53)\r\n\tat org.testng.SuiteRunnerWorker.run(SuiteRunnerWorker.java:96)\r\n\tat org.testng.TestNG.runSuitesSequentially(TestNG.java:1187)\r\n\tat org.testng.TestNG.runSuitesLocally(TestNG.java:1109)\r\n\tat org.testng.TestNG.runSuites(TestNG.java:1039)\r\n\tat org.testng.TestNG.run(TestNG.java:1007)\r\n\tat com.intellij.rt.testng.IDEARemoteTestNG.run(IDEARemoteTestNG.java:66)\r\n\tat com.intellij.rt.testng.RemoteTestNGStarter.main(RemoteTestNGStarter.java:110)\r\n"},"stage":"finished","description":"Registration of new user","steps":[{"name":"Launching the browser","status":"passed","stage":"finished","steps":[],"attachments":[{"name":"Page screenshot","source":"63824b8b-da7e-469f-b6bb-d76cfc93c7b7-attachment","type":"image/png"}],"parameters":[],"start":1598778875528,"stop":1598778893417},{"name":"Navigate to Register Page","status":"passed","stage":"finished","steps":[{"name":"Click the element Register on the page Home","status":"passed","stage":"finished","steps":[],"attachments":[],"parameters":[{"name":"pageName","value":"Home"},{"name":"elementName","value":"Register"},{"name":"element","value":"[[ChromeDriver: chrome on WINDOWS (695bc88bd690b26b7493972d9ca9addb)] -> xpath: //a[text()='Register']]"}],"start":1598778893811,"stop":1598778895730}],"attachments":[{"name":"Page screenshot","source":"ea793ff8-2743-45c6-bb24-93b45e106fae-attachment","type":"image/png"}],"parameters":[],"start":1598778893760,"stop":1598778896147},{"name":"Fill registartion form","status":"passed","stage":"finished","steps":[{"name":"Click the element Gender Male on the page Registration","status":"passed","stage":"finished","steps":[],"attachments":[],"parameters":[{"name":"pageName","value":"Registration"},{"name":"elementName","value":"Gender Male"},{"name":"element","value":"[[ChromeDriver: chrome on WINDOWS (695bc88bd690b26b7493972d9ca9addb)] -> xpath: //input[@id='gender-male']]"}],"start":1598778896238,"stop":1598778896552},{"name":"Enter the data for the element First Name on the page Registration","status":"passed","stage":"finished","steps":[],"attachments":[],"parameters":[{"name":"pageName","value":"Registration"},{"name":"elementName","value":"First Name"},{"name":"element","value":"[[ChromeDriver: chrome on WINDOWS (695bc88bd690b26b7493972d9ca9addb)] -> xpath: //input[@id='FirstName']]"},{"name":"data","value":"user"}],"start":1598778896590,"stop":1598778897134},{"name":"Enter the data for the element First Name on the page Registration","status":"passed","stage":"finished","steps":[],"attachments":[],"parameters":[{"name":"pageName","value":"Registration"},{"name":"elementName","value":"First Name"},{"name":"element","value":"[[ChromeDriver: chrome on WINDOWS (695bc88bd690b26b7493972d9ca9addb)] -> xpath: //input[@id='LastName']]"},{"name":"data","value":"lname"}],"start":1598778897162,"stop":1598778897606},{"name":"Select the dropdown Day with the value9 on the page Registration","status":"passed","stage":"finished","steps":[],"attachments":[],"parameters":[{"name":"pageName","value":"Registration"},{"name":"elementName","value":"Day"},{"name":"element","value":"[[ChromeDriver: chrome on WINDOWS (695bc88bd690b26b7493972d9ca9addb)] -> xpath: //select[@name='DateOfBirthDay']]"},{"name":"data","value":"9"}],"start":1598778897627,"stop":1598778897860},{"name":"Select the dropdown Month with the valueJuly on the page Registration","status":"passed","stage":"finished","steps":[],"attachments":[],"parameters":[{"name":"pageName","value":"Registration"},{"name":"elementName","value":"Month"},{"name":"element","value":"[[ChromeDriver: chrome on WINDOWS (695bc88bd690b26b7493972d9ca9addb)] -> xpath: //select[@name='DateOfBirthMonth']]"},{"name":"data","value":"July"}],"start":1598778897883,"stop":1598778898048},{"name":"Select the dropdown Year with the value1990 on the page Registration","status":"passed","stage":"finished","steps":[],"attachments":[],"parameters":[{"name":"pageName","value":"Registration"},{"name":"elementName","value":"Year"},{"name":"element","value":"[[ChromeDriver: chrome on WINDOWS (695bc88bd690b26b7493972d9ca9addb)] -> xpath: //select[@name='DateOfBirthYear']]"},{"name":"data","value":"1990"}],"start":1598778898067,"stop":1598778898214},{"name":"Enter the data for the element Email on the page Registration","status":"passed","stage":"finished","steps":[],"attachments":[],"parameters":[{"name":"pageName","value":"Registration"},{"name":"elementName","value":"Email"},{"name":"element","value":"[[ChromeDriver: chrome on WINDOWS (695bc88bd690b26b7493972d9ca9addb)] -> xpath: //input[@name='Email']]"},{"name":"data","value":"abc14440205@gmail.com"}],"start":1598778898233,"stop":1598778898794},{"name":"Enter the data for the element Password on the page Registration","status":"passed","stage":"finished","steps":[],"attachments":[],"parameters":[{"name":"pageName","value":"Registration"},{"name":"elementName","value":"Password"},{"name":"element","value":"[[ChromeDriver: chrome on WINDOWS (695bc88bd690b26b7493972d9ca9addb)] -> xpath: //input[@name='Password']]"},{"name":"data","value":"pass12345"}],"start":1598778898817,"stop":1598778899285},{"name":"Enter the data for the element Confirm Password on the page Registration","status":"passed","stage":"finished","steps":[],"attachments":[],"parameters":[{"name":"pageName","value":"Registration"},{"name":"elementName","value":"Confirm Password"},{"name":"element","value":"[[ChromeDriver: chrome on WINDOWS (695bc88bd690b26b7493972d9ca9addb)] -> xpath: //input[@name='ConfirmPassword']]"},{"name":"data","value":"pass12345"}],"start":1598778899307,"stop":1598778899751},{"name":"Click the element Register on the page Registration","status":"passed","stage":"finished","steps":[],"attachments":[],"parameters":[{"name":"pageName","value":"Registration"},{"name":"elementName","value":"Register"},{"name":"element","value":"[[ChromeDriver: chrome on WINDOWS (695bc88bd690b26b7493972d9ca9addb)] -> xpath: //input[@name='register-button']]"}],"start":1598778900163,"stop":1598778903719},{"name":"Verify the Element Successfull Message is displayed on the page Registration","status":"passed","stage":"finished","steps":[],"attachments":[],"parameters":[{"name":"pageName","value":"Registration"},{"name":"elementName","value":"Successfull Message"},{"name":"element","value":"[[ChromeDriver: chrome on WINDOWS (695bc88bd690b26b7493972d9ca9addb)] -> xpath: //div[text()='Your registration completed']]"},{"name":"sec","value":"35"}],"start":1598778903773,"stop":1598778903919}],"attachments":[{"name":"Page screenshot","source":"36767e05-24ba-4a06-9998-f3a0c1ee76fc-attachment","type":"image/png"},{"name":"Page screenshot","source":"be23f2a4-a5a2-4288-8fc9-a4f82d01de6b-attachment","type":"image/png"}],"parameters":[],"start":1598778896204,"stop":1598778904482},{"name":"Perform logout action","status":"broken","statusDetails":{"known":false,"muted":false,"flaky":false,"message":"no such window: target window already closed\nfrom unknown error: web view not found\n  (Session info: chrome=85.0.4183.83)\nBuild info: version: '4.0.0-alpha-5', revision: 'b3a0d621cc'\nSystem info: host: 'DESKTOP-JSMQUV3', ip: '192.168.43.31', os.name: 'Windows 10', os.arch: 'amd64', os.version: '10.0', java.version: '11.0.5'\nDriver info: org.openqa.selenium.chrome.ChromeDriver\nCapabilities {acceptInsecureCerts: false, browserName: chrome, browserVersion: 85.0.4183.83, chrome: {chromedriverVersion: 85.0.4183.83 (94abc2237ae0c..., userDataDir: C:\\Users\\srini\\AppData\\Loca...}, goog:chromeOptions: {debuggerAddress: localhost:62720}, javascriptEnabled: true, networkConnectionEnabled: false, pageLoadStrategy: normal, platform: WINDOWS, platformName: WINDOWS, proxy: Proxy(), setWindowRect: true, strictFileInteractability: false, timeouts: {implicit: 0, pageLoad: 300000, script: 30000}, unhandledPromptBehavior: dismiss and notify, webauthn:virtualAuthenticators: true}\nSession ID: 695bc88bd690b26b7493972d9ca9addb","trace":"org.openqa.selenium.NoSuchWindowException: no such window: target window already closed\nfrom unknown error: web view not found\n  (Session info: chrome=85.0.4183.83)\nBuild info: version: '4.0.0-alpha-5', revision: 'b3a0d621cc'\nSystem info: host: 'DESKTOP-JSMQUV3', ip: '192.168.43.31', os.name: 'Windows 10', os.arch: 'amd64', os.version: '10.0', java.version: '11.0.5'\nDriver info: org.openqa.selenium.chrome.ChromeDriver\nCapabilities {acceptInsecureCerts: false, browserName: chrome, browserVersion: 85.0.4183.83, chrome: {chromedriverVersion: 85.0.4183.83 (94abc2237ae0c..., userDataDir: C:\\Users\\srini\\AppData\\Loca...}, goog:chromeOptions: {debuggerAddress: localhost:62720}, javascriptEnabled: true, networkConnectionEnabled: false, pageLoadStrategy: normal, platform: WINDOWS, platformName: WINDOWS, proxy: Proxy(), setWindowRect: true, strictFileInteractability: false, timeouts: {implicit: 0, pageLoad: 300000, script: 30000}, unhandledPromptBehavior: dismiss and notify, webauthn:virtualAuthenticators: true}\nSession ID: 695bc88bd690b26b7493972d9ca9addb\r\n\tat java.base/jdk.internal.reflect.NativeConstructorAccessorImpl.newInstance0(Native Method)\r\n\tat java.base/jdk.internal.reflect.NativeConstructorAccessorImpl.newInstance(NativeConstructorAccessorImpl.java:62)\r\n\tat java.base/jdk.internal.reflect.DelegatingConstructorAccessorImpl.newInstance(DelegatingConstructorAccessorImpl.java:45)\r\n\tat java.base/java.lang.reflect.Constructor.newInstance(Constructor.java:490)\r\n\tat org.openqa.selenium.remote.codec.w3c.W3CHttpResponseCodec.createException(W3CHttpResponseCodec.java:196)\r\n\tat org.openqa.selenium.remote.codec.w3c.W3CHttpResponseCodec.decode(W3CHttpResponseCodec.java:129)\r\n\tat org.openqa.selenium.remote.codec.w3c.W3CHttpResponseCodec.decode(W3CHttpResponseCodec.java:53)\r\n\tat org.openqa.selenium.remote.HttpCommandExecutor.execute(HttpCommandExecutor.java:161)\r\n\tat org.openqa.selenium.remote.service.DriverCommandExecutor.execute(DriverCommandExecutor.java:83)\r\n\tat org.openqa.selenium.remote.RemoteWebDriver.execute(RemoteWebDriver.java:582)\r\n\tat org.openqa.selenium.remote.RemoteWebDriver.execute(RemoteWebDriver.java:639)\r\n\tat org.openqa.selenium.remote.RemoteWebDriver.execute(RemoteWebDriver.java:643)\r\n\tat org.openqa.selenium.remote.RemoteWebDriver.getScreenshotAs(RemoteWebDriver.java:303)\r\n\tat com.genericmethods.GenericMethods.getScreenshot(GenericMethods.java:214)\r\n\tat com.applicationpages.RegistrationPage.Logout_page(RegistrationPage.java:110)\r\n\tat com.testcases.Tc_01_RegisterNewUser.Tc_01_RegisterNewUser(Tc_01_RegisterNewUser.java:23)\r\n\tat java.base/jdk.internal.reflect.NativeMethodAccessorImpl.invoke0(Native Method)\r\n\tat java.base/jdk.internal.reflect.NativeMethodAccessorImpl.invoke(NativeMethodAccessorImpl.java:62)\r\n\tat java.base/jdk.internal.reflect.DelegatingMethodAccessorImpl.invoke(DelegatingMethodAccessorImpl.java:43)\r\n\tat java.base/java.lang.reflect.Method.invoke(Method.java:566)\r\n\tat org.testng.internal.MethodInvocationHelper.invokeMethod(MethodInvocationHelper.java:134)\r\n\tat org.testng.internal.TestInvoker.invokeMethod(TestInvoker.java:597)\r\n\tat org.testng.internal.TestInvoker.invokeTestMethod(TestInvoker.java:173)\r\n\tat org.testng.internal.MethodRunner.runInSequence(MethodRunner.java:46)\r\n\tat org.testng.internal.TestInvoker$MethodInvocationAgent.invoke(TestInvoker.java:816)\r\n\tat org.testng.internal.TestInvoker.invokeTestMethods(TestInvoker.java:146)\r\n\tat org.testng.internal.TestMethodWorker.invokeTestMethods(TestMethodWorker.java:146)\r\n\tat org.testng.internal.TestMethodWorker.run(TestMethodWorker.java:128)\r\n\tat java.base/java.util.ArrayList.forEach(ArrayList.java:1540)\r\n\tat org.testng.TestRunner.privateRun(TestRunner.java:766)\r\n\tat org.testng.TestRunner.run(TestRunner.java:587)\r\n\tat org.testng.SuiteRunner.runTest(SuiteRunner.java:384)\r\n\tat org.testng.SuiteRunner.runSequentially(SuiteRunner.java:378)\r\n\tat org.testng.SuiteRunner.privateRun(SuiteRunner.java:337)\r\n\tat org.testng.SuiteRunner.run(SuiteRunner.java:286)\r\n\tat org.testng.SuiteRunnerWorker.runSuite(SuiteRunnerWorker.java:53)\r\n\tat org.testng.SuiteRunnerWorker.run(SuiteRunnerWorker.java:96)\r\n\tat org.testng.TestNG.runSuitesSequentially(TestNG.java:1187)\r\n\tat org.testng.TestNG.runSuitesLocally(TestNG.java:1109)\r\n\tat org.testng.TestNG.runSuites(TestNG.java:1039)\r\n\tat org.testng.TestNG.run(TestNG.java:1007)\r\n\tat com.intellij.rt.testng.IDEARemoteTestNG.run(IDEARemoteTestNG.java:66)\r\n\tat com.intellij.rt.testng.RemoteTestNGStarter.main(RemoteTestNGStarter.java:110)\r\n"},"stage":"finished","steps":[{"name":"Click the element Logout on the page LogoutPage","status":"passed","stage":"finished","steps":[],"attachments":[],"parameters":[{"name":"pageName","value":"LogoutPage"},{"name":"elementName","value":"Logout"},{"name":"element","value":"[[ChromeDriver: chrome on WINDOWS (695bc88bd690b26b7493972d9ca9addb)] -> xpath: //*[@class='ico-logout']]"}],"start":1598778904509,"stop":1598778906559}],"attachments":[],"parameters":[],"start":1598778904482,"stop":1598778906615}],"attachments":[],"parameters":[],"start":1598778875459,"stop":1598778906981,"uuid":"0443a472-310e-41d6-832f-ca24c61bde35","historyId":"6a45aebacdf3ab19954e4218a069f944","fullName":"com.testcases.Tc_01_RegisterNewUser.Tc_01_RegisterNewUser","labels":[{"name":"package","value":"com.testcases.Tc_01_RegisterNewUser"},{"name":"testClass","value":"com.testcases.Tc_01_RegisterNewUser"},{"name":"testMethod","value":"Tc_01_RegisterNewUser"},{"name":"parentSuite","value":"Default Suite"},{"name":"suite","value":"Prathap_POM_TESTNG_MAVEN"},{"name":"subSuite","value":"com.testcases.Tc_01_RegisterNewUser"},{"name":"host","value":"DESKTOP-JSMQUV3"},{"name":"thread","value":"10348@DESKTOP-JSMQUV3.main(1)"},{"name":"framework","value":"testng"},{"name":"language","value":"java"},{"name":"severity","value":"critical"}],"links":[]}