{"name":"Tc_03_LoginPage","status":"broken","statusDetails":{"known":false,"muted":false,"flaky":false,"message":"java.lang.IllegalAccessException: class org.openqa.selenium.support.PageFactory cannot access a member of class com.applicationpages.RegistrationPage with modifiers \"private\"","trace":"java.lang.RuntimeException: java.lang.IllegalAccessException: class org.openqa.selenium.support.PageFactory cannot access a member of class com.applicationpages.RegistrationPage with modifiers \"private\"\r\n\tat org.openqa.selenium.support.PageFactory.instantiatePage(PageFactory.java:131)\r\n\tat org.openqa.selenium.support.PageFactory.initElements(PageFactory.java:63)\r\n\tat com.applicationpages.LoginPage.getInstance(LoginPage.java:27)\r\n\tat com.testcases.Tc_03_LoginPage.Tc_03_LoginPage(Tc_03_LoginPage.java:24)\r\n\tat java.base/jdk.internal.reflect.NativeMethodAccessorImpl.invoke0(Native Method)\r\n\tat java.base/jdk.internal.reflect.NativeMethodAccessorImpl.invoke(NativeMethodAccessorImpl.java:62)\r\n\tat java.base/jdk.internal.reflect.DelegatingMethodAccessorImpl.invoke(DelegatingMethodAccessorImpl.java:43)\r\n\tat java.base/java.lang.reflect.Method.invoke(Method.java:566)\r\n\tat org.testng.internal.MethodInvocationHelper.invokeMethod(MethodInvocationHelper.java:134)\r\n\tat org.testng.internal.TestInvoker.invokeMethod(TestInvoker.java:597)\r\n\tat org.testng.internal.TestInvoker.invokeTestMethod(TestInvoker.java:173)\r\n\tat org.testng.internal.MethodRunner.runInSequence(MethodRunner.java:46)\r\n\tat org.testng.internal.TestInvoker$MethodInvocationAgent.invoke(TestInvoker.java:816)\r\n\tat org.testng.internal.TestInvoker.invokeTestMethods(TestInvoker.java:146)\r\n\tat org.testng.internal.TestMethodWorker.invokeTestMethods(TestMethodWorker.java:146)\r\n\tat org.testng.internal.TestMethodWorker.run(TestMethodWorker.java:128)\r\n\tat java.base/java.util.ArrayList.forEach(ArrayList.java:1540)\r\n\tat org.testng.TestRunner.privateRun(TestRunner.java:766)\r\n\tat org.testng.TestRunner.run(TestRunner.java:587)\r\n\tat org.testng.SuiteRunner.runTest(SuiteRunner.java:384)\r\n\tat org.testng.SuiteRunner.runSequentially(SuiteRunner.java:378)\r\n\tat org.testng.SuiteRunner.privateRun(SuiteRunner.java:337)\r\n\tat org.testng.SuiteRunner.run(SuiteRunner.java:286)\r\n\tat org.testng.SuiteRunnerWorker.runSuite(SuiteRunnerWorker.java:53)\r\n\tat org.testng.SuiteRunnerWorker.run(SuiteRunnerWorker.java:96)\r\n\tat org.testng.TestNG.runSuitesSequentially(TestNG.java:1187)\r\n\tat org.testng.TestNG.runSuitesLocally(TestNG.java:1109)\r\n\tat org.testng.TestNG.runSuites(TestNG.java:1039)\r\n\tat org.testng.TestNG.run(TestNG.java:1007)\r\n\tat com.intellij.rt.testng.IDEARemoteTestNG.run(IDEARemoteTestNG.java:66)\r\n\tat com.intellij.rt.testng.RemoteTestNGStarter.main(RemoteTestNGStarter.java:110)\r\nCaused by: java.lang.IllegalAccessException: class org.openqa.selenium.support.PageFactory cannot access a member of class com.applicationpages.RegistrationPage with modifiers \"private\"\r\n\tat java.base/jdk.internal.reflect.Reflection.newIllegalAccessException(Reflection.java:361)\r\n\tat java.base/java.lang.reflect.AccessibleObject.checkAccess(AccessibleObject.java:591)\r\n\tat java.base/java.lang.reflect.Constructor.newInstance(Constructor.java:481)\r\n\tat org.openqa.selenium.support.PageFactory.instantiatePage(PageFactory.java:128)\r\n\t... 30 more\r\n"},"stage":"finished","description":"Validate Login page functionality","steps":[{"name":"Launching the browser","status":"passed","stage":"finished","steps":[],"attachments":[{"name":"Page screenshot","source":"b68791c8-9a86-49f6-a084-d99b490e7248-attachment","type":"image/png"}],"parameters":[],"start":1598623519406,"stop":1598623552686},{"name":"Navigate to Login page from HomePage","status":"passed","stage":"finished","steps":[{"name":"Click the element Login on the page Home","status":"passed","stage":"finished","steps":[],"attachments":[],"parameters":[{"name":"pageName","value":"Home"},{"name":"elementName","value":"Login"},{"name":"element","value":"[[ChromeDriver: chrome on WINDOWS (a9dce0669294629830fa8d5d93033d8f)] -> xpath: //a[text()='Log in']]"}],"start":1598623553047,"stop":1598623555421}],"attachments":[{"name":"Page screenshot","source":"2c010891-9004-4a52-a9ea-e6bb123844c3-attachment","type":"image/png"}],"parameters":[],"start":1598623552906,"stop":1598623555801}],"attachments":[],"parameters":[],"start":1598623519312,"stop":1598623555870,"uuid":"2ff29c72-ca12-4822-a514-61d1dea1344b","historyId":"56046dc39df9cc5c88b7e0573e21c0b7","fullName":"com.testcases.Tc_03_LoginPage.Tc_03_LoginPage","labels":[{"name":"package","value":"com.testcases.Tc_03_LoginPage"},{"name":"testClass","value":"com.testcases.Tc_03_LoginPage"},{"name":"testMethod","value":"Tc_03_LoginPage"},{"name":"parentSuite","value":"Default Suite"},{"name":"suite","value":"Prathap_POM_TESTNG_MAVEN"},{"name":"subSuite","value":"com.testcases.Tc_03_LoginPage"},{"name":"host","value":"DESKTOP-JSMQUV3"},{"name":"thread","value":"7212@DESKTOP-JSMQUV3.main(1)"},{"name":"framework","value":"testng"},{"name":"language","value":"java"},{"name":"severity","value":"critical"}],"links":[]}