{"name":"Tc_04_ShoppingCart_To_OrderConfirm","status":"failed","statusDetails":{"known":false,"muted":false,"flaky":false,"message":"Unable to navigate  to shoppingCart expected [true] but found [true]","trace":"java.lang.AssertionError: Unable to navigate  to shoppingCart expected [true] but found [true]\r\n\tat org.testng.Assert.fail(Assert.java:97)\r\n\tat org.testng.Assert.assertEqualsImpl(Assert.java:136)\r\n\tat org.testng.Assert.assertEquals(Assert.java:118)\r\n\tat com.applicationpages.HomePage.navigate_To_shoppingCart_Page(HomePage.java:132)\r\n\tat com.testcases.Tc_04_ShoppingCart_To_OrderConfirm.Tc_04_ShoppingCart_To_OrderConfirm(Tc_04_ShoppingCart_To_OrderConfirm.java:20)\r\n\tat java.base/jdk.internal.reflect.NativeMethodAccessorImpl.invoke0(Native Method)\r\n\tat java.base/jdk.internal.reflect.NativeMethodAccessorImpl.invoke(NativeMethodAccessorImpl.java:62)\r\n\tat java.base/jdk.internal.reflect.DelegatingMethodAccessorImpl.invoke(DelegatingMethodAccessorImpl.java:43)\r\n\tat java.base/java.lang.reflect.Method.invoke(Method.java:566)\r\n\tat org.testng.internal.MethodInvocationHelper.invokeMethod(MethodInvocationHelper.java:134)\r\n\tat org.testng.internal.TestInvoker.invokeMethod(TestInvoker.java:597)\r\n\tat org.testng.internal.TestInvoker.invokeTestMethod(TestInvoker.java:173)\r\n\tat org.testng.internal.MethodRunner.runInSequence(MethodRunner.java:46)\r\n\tat org.testng.internal.TestInvoker$MethodInvocationAgent.invoke(TestInvoker.java:816)\r\n\tat org.testng.internal.TestInvoker.invokeTestMethods(TestInvoker.java:146)\r\n\tat org.testng.internal.TestMethodWorker.invokeTestMethods(TestMethodWorker.java:146)\r\n\tat org.testng.internal.TestMethodWorker.run(TestMethodWorker.java:128)\r\n\tat java.base/java.util.ArrayList.forEach(ArrayList.java:1540)\r\n\tat org.testng.TestRunner.privateRun(TestRunner.java:766)\r\n\tat org.testng.TestRunner.run(TestRunner.java:587)\r\n\tat org.testng.SuiteRunner.runTest(SuiteRunner.java:384)\r\n\tat org.testng.SuiteRunner.runSequentially(SuiteRunner.java:378)\r\n\tat org.testng.SuiteRunner.privateRun(SuiteRunner.java:337)\r\n\tat org.testng.SuiteRunner.run(SuiteRunner.java:286)\r\n\tat org.testng.SuiteRunnerWorker.runSuite(SuiteRunnerWorker.java:53)\r\n\tat org.testng.SuiteRunnerWorker.run(SuiteRunnerWorker.java:96)\r\n\tat org.testng.TestNG.runSuitesSequentially(TestNG.java:1187)\r\n\tat org.testng.TestNG.runSuitesLocally(TestNG.java:1109)\r\n\tat org.testng.TestNG.runSuites(TestNG.java:1039)\r\n\tat org.testng.TestNG.run(TestNG.java:1007)\r\n\tat com.intellij.rt.testng.IDEARemoteTestNG.run(IDEARemoteTestNG.java:66)\r\n\tat com.intellij.rt.testng.RemoteTestNGStarter.main(RemoteTestNGStarter.java:110)\r\n"},"stage":"finished","description":"Validate Login page functionality","steps":[{"name":"Navigate to Shopping cart page from HomePage","status":"failed","statusDetails":{"known":false,"muted":false,"flaky":false,"message":"Unable to navigate  to shoppingCart expected [true] but found [true]","trace":"java.lang.AssertionError: Unable to navigate  to shoppingCart expected [true] but found [true]\r\n\tat org.testng.Assert.fail(Assert.java:97)\r\n\tat org.testng.Assert.assertEqualsImpl(Assert.java:136)\r\n\tat org.testng.Assert.assertEquals(Assert.java:118)\r\n\tat com.applicationpages.HomePage.navigate_To_shoppingCart_Page(HomePage.java:132)\r\n\tat com.testcases.Tc_04_ShoppingCart_To_OrderConfirm.Tc_04_ShoppingCart_To_OrderConfirm(Tc_04_ShoppingCart_To_OrderConfirm.java:20)\r\n\tat java.base/jdk.internal.reflect.NativeMethodAccessorImpl.invoke0(Native Method)\r\n\tat java.base/jdk.internal.reflect.NativeMethodAccessorImpl.invoke(NativeMethodAccessorImpl.java:62)\r\n\tat java.base/jdk.internal.reflect.DelegatingMethodAccessorImpl.invoke(DelegatingMethodAccessorImpl.java:43)\r\n\tat java.base/java.lang.reflect.Method.invoke(Method.java:566)\r\n\tat org.testng.internal.MethodInvocationHelper.invokeMethod(MethodInvocationHelper.java:134)\r\n\tat org.testng.internal.TestInvoker.invokeMethod(TestInvoker.java:597)\r\n\tat org.testng.internal.TestInvoker.invokeTestMethod(TestInvoker.java:173)\r\n\tat org.testng.internal.MethodRunner.runInSequence(MethodRunner.java:46)\r\n\tat org.testng.internal.TestInvoker$MethodInvocationAgent.invoke(TestInvoker.java:816)\r\n\tat org.testng.internal.TestInvoker.invokeTestMethods(TestInvoker.java:146)\r\n\tat org.testng.internal.TestMethodWorker.invokeTestMethods(TestMethodWorker.java:146)\r\n\tat org.testng.internal.TestMethodWorker.run(TestMethodWorker.java:128)\r\n\tat java.base/java.util.ArrayList.forEach(ArrayList.java:1540)\r\n\tat org.testng.TestRunner.privateRun(TestRunner.java:766)\r\n\tat org.testng.TestRunner.run(TestRunner.java:587)\r\n\tat org.testng.SuiteRunner.runTest(SuiteRunner.java:384)\r\n\tat org.testng.SuiteRunner.runSequentially(SuiteRunner.java:378)\r\n\tat org.testng.SuiteRunner.privateRun(SuiteRunner.java:337)\r\n\tat org.testng.SuiteRunner.run(SuiteRunner.java:286)\r\n\tat org.testng.SuiteRunnerWorker.runSuite(SuiteRunnerWorker.java:53)\r\n\tat org.testng.SuiteRunnerWorker.run(SuiteRunnerWorker.java:96)\r\n\tat org.testng.TestNG.runSuitesSequentially(TestNG.java:1187)\r\n\tat org.testng.TestNG.runSuitesLocally(TestNG.java:1109)\r\n\tat org.testng.TestNG.runSuites(TestNG.java:1039)\r\n\tat org.testng.TestNG.run(TestNG.java:1007)\r\n\tat com.intellij.rt.testng.IDEARemoteTestNG.run(IDEARemoteTestNG.java:66)\r\n\tat com.intellij.rt.testng.RemoteTestNGStarter.main(RemoteTestNGStarter.java:110)\r\n"},"stage":"finished","steps":[{"name":"Click the element ShoppingCart on the page Home","status":"passed","stage":"finished","steps":[],"attachments":[],"parameters":[{"name":"pageName","value":"Home"},{"name":"elementName","value":"ShoppingCart"},{"name":"element","value":"[[ChromeDriver: chrome on WINDOWS (b1a5a72daa0a256df1004f67198bef6c)] -> xpath: //a[@class='ico-cart']]"}],"start":1598792936494,"stop":1598792940327}],"attachments":[{"name":"Page screenshot","source":"e06fb278-e53c-4af2-ac44-acef06be7f7f-attachment","type":"image/png"}],"parameters":[],"start":1598792936478,"stop":1598792941033}],"attachments":[],"parameters":[],"start":1598792936478,"stop":1598792941875,"uuid":"58155952-739d-4c4f-9df7-8dfddc3f0d32","historyId":"f38ad081e863af2b34527855032a2113","fullName":"com.testcases.Tc_04_ShoppingCart_To_OrderConfirm.Tc_04_ShoppingCart_To_OrderConfirm","labels":[{"name":"package","value":"com.testcases.Tc_04_ShoppingCart_To_OrderConfirm"},{"name":"testClass","value":"com.testcases.Tc_04_ShoppingCart_To_OrderConfirm"},{"name":"testMethod","value":"Tc_04_ShoppingCart_To_OrderConfirm"},{"name":"parentSuite","value":"Suite"},{"name":"suite","value":"Test"},{"name":"subSuite","value":"com.testcases.Tc_04_ShoppingCart_To_OrderConfirm"},{"name":"host","value":"DESKTOP-JSMQUV3"},{"name":"thread","value":"3092@DESKTOP-JSMQUV3.main(1)"},{"name":"framework","value":"testng"},{"name":"language","value":"java"},{"name":"severity","value":"critical"}],"links":[]}