{"name":"Tc_02_ValidateShoppingCart","status":"broken","statusDetails":{"known":false,"muted":false,"flaky":false,"message":"class com.sun.proxy.$Proxy26 cannot be cast to class java.util.List (com.sun.proxy.$Proxy26 is in unnamed module of loader 'app'; java.util.List is in module java.base of loader 'bootstrap')","trace":"java.lang.ClassCastException: class com.sun.proxy.$Proxy26 cannot be cast to class java.util.List (com.sun.proxy.$Proxy26 is in unnamed module of loader 'app'; java.util.List is in module java.base of loader 'bootstrap')\r\n\tat com.applicationpages.HomePage.navigate_To_Apparel_Page(HomePage.java:95)\r\n\tat com.testcases.Tc_02_ValidateShoppingCart.Tc_02_ValidateShoppingCart(Tc_02_ValidateShoppingCart.java:21)\r\n\tat java.base/jdk.internal.reflect.NativeMethodAccessorImpl.invoke0(Native Method)\r\n\tat java.base/jdk.internal.reflect.NativeMethodAccessorImpl.invoke(NativeMethodAccessorImpl.java:62)\r\n\tat java.base/jdk.internal.reflect.DelegatingMethodAccessorImpl.invoke(DelegatingMethodAccessorImpl.java:43)\r\n\tat java.base/java.lang.reflect.Method.invoke(Method.java:566)\r\n\tat org.testng.internal.MethodInvocationHelper.invokeMethod(MethodInvocationHelper.java:134)\r\n\tat org.testng.internal.TestInvoker.invokeMethod(TestInvoker.java:597)\r\n\tat org.testng.internal.TestInvoker.invokeTestMethod(TestInvoker.java:173)\r\n\tat org.testng.internal.MethodRunner.runInSequence(MethodRunner.java:46)\r\n\tat org.testng.internal.TestInvoker$MethodInvocationAgent.invoke(TestInvoker.java:816)\r\n\tat org.testng.internal.TestInvoker.invokeTestMethods(TestInvoker.java:146)\r\n\tat org.testng.internal.TestMethodWorker.invokeTestMethods(TestMethodWorker.java:146)\r\n\tat org.testng.internal.TestMethodWorker.run(TestMethodWorker.java:128)\r\n\tat java.base/java.util.ArrayList.forEach(ArrayList.java:1540)\r\n\tat org.testng.TestRunner.privateRun(TestRunner.java:766)\r\n\tat org.testng.TestRunner.run(TestRunner.java:587)\r\n\tat org.testng.SuiteRunner.runTest(SuiteRunner.java:384)\r\n\tat org.testng.SuiteRunner.runSequentially(SuiteRunner.java:378)\r\n\tat org.testng.SuiteRunner.privateRun(SuiteRunner.java:337)\r\n\tat org.testng.SuiteRunner.run(SuiteRunner.java:286)\r\n\tat org.testng.SuiteRunnerWorker.runSuite(SuiteRunnerWorker.java:53)\r\n\tat org.testng.SuiteRunnerWorker.run(SuiteRunnerWorker.java:96)\r\n\tat org.testng.TestNG.runSuitesSequentially(TestNG.java:1187)\r\n\tat org.testng.TestNG.runSuitesLocally(TestNG.java:1109)\r\n\tat org.testng.TestNG.runSuites(TestNG.java:1039)\r\n\tat org.testng.TestNG.run(TestNG.java:1007)\r\n\tat com.intellij.rt.testng.IDEARemoteTestNG.run(IDEARemoteTestNG.java:66)\r\n\tat com.intellij.rt.testng.RemoteTestNGStarter.main(RemoteTestNGStarter.java:110)\r\n"},"stage":"finished","description":"Validate shoping cart functionality","steps":[{"name":"Launching the browser","status":"passed","stage":"finished","steps":[],"attachments":[{"name":"Page screenshot","source":"fa7a8684-7b53-457c-94e3-b69a313d6c74-attachment","type":"image/png"}],"parameters":[],"start":1587556267113,"stop":1587556294892},{"name":"Navigate to Electronics Page from HomePage","status":"broken","statusDetails":{"known":false,"muted":false,"flaky":false,"message":"class com.sun.proxy.$Proxy26 cannot be cast to class java.util.List (com.sun.proxy.$Proxy26 is in unnamed module of loader 'app'; java.util.List is in module java.base of loader 'bootstrap')","trace":"java.lang.ClassCastException: class com.sun.proxy.$Proxy26 cannot be cast to class java.util.List (com.sun.proxy.$Proxy26 is in unnamed module of loader 'app'; java.util.List is in module java.base of loader 'bootstrap')\r\n\tat com.applicationpages.HomePage.navigate_To_Apparel_Page(HomePage.java:95)\r\n\tat com.testcases.Tc_02_ValidateShoppingCart.Tc_02_ValidateShoppingCart(Tc_02_ValidateShoppingCart.java:21)\r\n\tat java.base/jdk.internal.reflect.NativeMethodAccessorImpl.invoke0(Native Method)\r\n\tat java.base/jdk.internal.reflect.NativeMethodAccessorImpl.invoke(NativeMethodAccessorImpl.java:62)\r\n\tat java.base/jdk.internal.reflect.DelegatingMethodAccessorImpl.invoke(DelegatingMethodAccessorImpl.java:43)\r\n\tat java.base/java.lang.reflect.Method.invoke(Method.java:566)\r\n\tat org.testng.internal.MethodInvocationHelper.invokeMethod(MethodInvocationHelper.java:134)\r\n\tat org.testng.internal.TestInvoker.invokeMethod(TestInvoker.java:597)\r\n\tat org.testng.internal.TestInvoker.invokeTestMethod(TestInvoker.java:173)\r\n\tat org.testng.internal.MethodRunner.runInSequence(MethodRunner.java:46)\r\n\tat org.testng.internal.TestInvoker$MethodInvocationAgent.invoke(TestInvoker.java:816)\r\n\tat org.testng.internal.TestInvoker.invokeTestMethods(TestInvoker.java:146)\r\n\tat org.testng.internal.TestMethodWorker.invokeTestMethods(TestMethodWorker.java:146)\r\n\tat org.testng.internal.TestMethodWorker.run(TestMethodWorker.java:128)\r\n\tat java.base/java.util.ArrayList.forEach(ArrayList.java:1540)\r\n\tat org.testng.TestRunner.privateRun(TestRunner.java:766)\r\n\tat org.testng.TestRunner.run(TestRunner.java:587)\r\n\tat org.testng.SuiteRunner.runTest(SuiteRunner.java:384)\r\n\tat org.testng.SuiteRunner.runSequentially(SuiteRunner.java:378)\r\n\tat org.testng.SuiteRunner.privateRun(SuiteRunner.java:337)\r\n\tat org.testng.SuiteRunner.run(SuiteRunner.java:286)\r\n\tat org.testng.SuiteRunnerWorker.runSuite(SuiteRunnerWorker.java:53)\r\n\tat org.testng.SuiteRunnerWorker.run(SuiteRunnerWorker.java:96)\r\n\tat org.testng.TestNG.runSuitesSequentially(TestNG.java:1187)\r\n\tat org.testng.TestNG.runSuitesLocally(TestNG.java:1109)\r\n\tat org.testng.TestNG.runSuites(TestNG.java:1039)\r\n\tat org.testng.TestNG.run(TestNG.java:1007)\r\n\tat com.intellij.rt.testng.IDEARemoteTestNG.run(IDEARemoteTestNG.java:66)\r\n\tat com.intellij.rt.testng.RemoteTestNGStarter.main(RemoteTestNGStarter.java:110)\r\n"},"stage":"finished","steps":[{"name":"Click the element Apparel on the page Home","status":"passed","stage":"finished","steps":[],"attachments":[],"parameters":[{"name":"pageName","value":"Home"},{"name":"elementName","value":"Apparel"},{"name":"element","value":"[[ChromeDriver: chrome on WINDOWS (d3f7afbdde9988ea1d9c131868b2ae64)] -> xpath: (//a[normalize-space(text())='Apparel'])[1]]"}],"start":1587556295142,"stop":1587556297851},{"name":"Click the element Apparel on the page Home","status":"passed","stage":"finished","steps":[],"attachments":[],"parameters":[{"name":"pageName","value":"Home"},{"name":"elementName","value":"Apparel"},{"name":"element","value":"[[ChromeDriver: chrome on WINDOWS (d3f7afbdde9988ea1d9c131868b2ae64)] -> xpath: (//a[normalize-space(text())='Shoes'])[4]]"}],"start":1587556298693,"stop":1587556301904}],"attachments":[{"name":"Page screenshot","source":"f258ef28-2a6e-42e1-ba4f-e2f111446b68-attachment","type":"image/png"},{"name":"Page screenshot","source":"bb5b6c4c-4565-4353-98ef-5b345f862614-attachment","type":"image/png"}],"parameters":[],"start":1587556295101,"stop":1587556302324}],"attachments":[],"parameters":[],"start":1587556267048,"stop":1587556302380,"uuid":"69afc813-fed2-4d89-a5b4-78a584b9563c","historyId":"433860a9304d060433be2b4508a0b6a0","fullName":"com.testcases.Tc_02_ValidateShoppingCart.Tc_02_ValidateShoppingCart","labels":[{"name":"package","value":"com.testcases.Tc_02_ValidateShoppingCart"},{"name":"testClass","value":"com.testcases.Tc_02_ValidateShoppingCart"},{"name":"testMethod","value":"Tc_02_ValidateShoppingCart"},{"name":"parentSuite","value":"Default Suite"},{"name":"suite","value":"Prathap_POM_TESTNG_MAVEN"},{"name":"subSuite","value":"com.testcases.Tc_02_ValidateShoppingCart"},{"name":"host","value":"DESKTOP-JSMQUV3"},{"name":"thread","value":"9636@DESKTOP-JSMQUV3.main(1)"},{"name":"framework","value":"testng"},{"name":"language","value":"java"},{"name":"severity","value":"critical"}],"links":[]}