{"name":"Tc_02_ValidateShoppingCart","status":"failed","statusDetails":{"known":false,"muted":false,"flaky":false,"message":"Unable to select dropdown size expected [true] but found [false]","trace":"java.lang.AssertionError: Unable to select dropdown size expected [true] but found [false]\r\n\tat org.testng.Assert.fail(Assert.java:97)\r\n\tat org.testng.Assert.assertEqualsImpl(Assert.java:136)\r\n\tat org.testng.Assert.assertEquals(Assert.java:118)\r\n\tat org.testng.Assert.assertEquals(Assert.java:751)\r\n\tat com.applicationpages.HomePage.navigate_To_Apparel_Page(HomePage.java:102)\r\n\tat com.testcases.Tc_02_ValidateShoppingCart.Tc_02_ValidateShoppingCart(Tc_02_ValidateShoppingCart.java:23)\r\n\tat java.base/jdk.internal.reflect.NativeMethodAccessorImpl.invoke0(Native Method)\r\n\tat java.base/jdk.internal.reflect.NativeMethodAccessorImpl.invoke(NativeMethodAccessorImpl.java:62)\r\n\tat java.base/jdk.internal.reflect.DelegatingMethodAccessorImpl.invoke(DelegatingMethodAccessorImpl.java:43)\r\n\tat java.base/java.lang.reflect.Method.invoke(Method.java:566)\r\n\tat org.testng.internal.MethodInvocationHelper.invokeMethod(MethodInvocationHelper.java:134)\r\n\tat org.testng.internal.TestInvoker.invokeMethod(TestInvoker.java:597)\r\n\tat org.testng.internal.TestInvoker.invokeTestMethod(TestInvoker.java:173)\r\n\tat org.testng.internal.MethodRunner.runInSequence(MethodRunner.java:46)\r\n\tat org.testng.internal.TestInvoker$MethodInvocationAgent.invoke(TestInvoker.java:816)\r\n\tat org.testng.internal.TestInvoker.invokeTestMethods(TestInvoker.java:146)\r\n\tat org.testng.internal.TestMethodWorker.invokeTestMethods(TestMethodWorker.java:146)\r\n\tat org.testng.internal.TestMethodWorker.run(TestMethodWorker.java:128)\r\n\tat java.base/java.util.ArrayList.forEach(ArrayList.java:1540)\r\n\tat org.testng.TestRunner.privateRun(TestRunner.java:766)\r\n\tat org.testng.TestRunner.run(TestRunner.java:587)\r\n\tat org.testng.SuiteRunner.runTest(SuiteRunner.java:384)\r\n\tat org.testng.SuiteRunner.runSequentially(SuiteRunner.java:378)\r\n\tat org.testng.SuiteRunner.privateRun(SuiteRunner.java:337)\r\n\tat org.testng.SuiteRunner.run(SuiteRunner.java:286)\r\n\tat org.testng.SuiteRunnerWorker.runSuite(SuiteRunnerWorker.java:53)\r\n\tat org.testng.SuiteRunnerWorker.run(SuiteRunnerWorker.java:96)\r\n\tat org.testng.TestNG.runSuitesSequentially(TestNG.java:1187)\r\n\tat org.testng.TestNG.runSuitesLocally(TestNG.java:1109)\r\n\tat org.testng.TestNG.runSuites(TestNG.java:1039)\r\n\tat org.testng.TestNG.run(TestNG.java:1007)\r\n\tat com.intellij.rt.testng.IDEARemoteTestNG.run(IDEARemoteTestNG.java:66)\r\n\tat com.intellij.rt.testng.RemoteTestNGStarter.main(RemoteTestNGStarter.java:110)\r\n"},"stage":"finished","description":"Validate shoping cart functionality","steps":[{"name":"Launching the browser","status":"passed","stage":"finished","steps":[],"attachments":[{"name":"Page screenshot","source":"ea97aee9-8ddf-4265-acd0-e01c3f63c93a-attachment","type":"image/png"}],"parameters":[],"start":1587558420430,"stop":1587558456378},{"name":"Navigate to Electronics Page from HomePage","status":"failed","statusDetails":{"known":false,"muted":false,"flaky":false,"message":"Unable to select dropdown size expected [true] but found [false]","trace":"java.lang.AssertionError: Unable to select dropdown size expected [true] but found [false]\r\n\tat org.testng.Assert.fail(Assert.java:97)\r\n\tat org.testng.Assert.assertEqualsImpl(Assert.java:136)\r\n\tat org.testng.Assert.assertEquals(Assert.java:118)\r\n\tat org.testng.Assert.assertEquals(Assert.java:751)\r\n\tat com.applicationpages.HomePage.navigate_To_Apparel_Page(HomePage.java:102)\r\n\tat com.testcases.Tc_02_ValidateShoppingCart.Tc_02_ValidateShoppingCart(Tc_02_ValidateShoppingCart.java:23)\r\n\tat java.base/jdk.internal.reflect.NativeMethodAccessorImpl.invoke0(Native Method)\r\n\tat java.base/jdk.internal.reflect.NativeMethodAccessorImpl.invoke(NativeMethodAccessorImpl.java:62)\r\n\tat java.base/jdk.internal.reflect.DelegatingMethodAccessorImpl.invoke(DelegatingMethodAccessorImpl.java:43)\r\n\tat java.base/java.lang.reflect.Method.invoke(Method.java:566)\r\n\tat org.testng.internal.MethodInvocationHelper.invokeMethod(MethodInvocationHelper.java:134)\r\n\tat org.testng.internal.TestInvoker.invokeMethod(TestInvoker.java:597)\r\n\tat org.testng.internal.TestInvoker.invokeTestMethod(TestInvoker.java:173)\r\n\tat org.testng.internal.MethodRunner.runInSequence(MethodRunner.java:46)\r\n\tat org.testng.internal.TestInvoker$MethodInvocationAgent.invoke(TestInvoker.java:816)\r\n\tat org.testng.internal.TestInvoker.invokeTestMethods(TestInvoker.java:146)\r\n\tat org.testng.internal.TestMethodWorker.invokeTestMethods(TestMethodWorker.java:146)\r\n\tat org.testng.internal.TestMethodWorker.run(TestMethodWorker.java:128)\r\n\tat java.base/java.util.ArrayList.forEach(ArrayList.java:1540)\r\n\tat org.testng.TestRunner.privateRun(TestRunner.java:766)\r\n\tat org.testng.TestRunner.run(TestRunner.java:587)\r\n\tat org.testng.SuiteRunner.runTest(SuiteRunner.java:384)\r\n\tat org.testng.SuiteRunner.runSequentially(SuiteRunner.java:378)\r\n\tat org.testng.SuiteRunner.privateRun(SuiteRunner.java:337)\r\n\tat org.testng.SuiteRunner.run(SuiteRunner.java:286)\r\n\tat org.testng.SuiteRunnerWorker.runSuite(SuiteRunnerWorker.java:53)\r\n\tat org.testng.SuiteRunnerWorker.run(SuiteRunnerWorker.java:96)\r\n\tat org.testng.TestNG.runSuitesSequentially(TestNG.java:1187)\r\n\tat org.testng.TestNG.runSuitesLocally(TestNG.java:1109)\r\n\tat org.testng.TestNG.runSuites(TestNG.java:1039)\r\n\tat org.testng.TestNG.run(TestNG.java:1007)\r\n\tat com.intellij.rt.testng.IDEARemoteTestNG.run(IDEARemoteTestNG.java:66)\r\n\tat com.intellij.rt.testng.RemoteTestNGStarter.main(RemoteTestNGStarter.java:110)\r\n"},"stage":"finished","steps":[{"name":"Click the element Apparel on the page Home","status":"passed","stage":"finished","steps":[],"attachments":[],"parameters":[{"name":"pageName","value":"Home"},{"name":"elementName","value":"Apparel"},{"name":"element","value":"[[ChromeDriver: chrome on WINDOWS (0260e79a79de14ee8ce34891051e02df)] -> xpath: (//a[normalize-space(text())='Apparel'])[1]]"}],"start":1587558460404,"stop":1587558464460},{"name":"Click the element Apparel on the page Home","status":"passed","stage":"finished","steps":[],"attachments":[],"parameters":[{"name":"pageName","value":"Home"},{"name":"elementName","value":"Apparel"},{"name":"element","value":"[[ChromeDriver: chrome on WINDOWS (0260e79a79de14ee8ce34891051e02df)] -> xpath: (//a[normalize-space(text())='Shoes'])[4]]"}],"start":1587558465867,"stop":1587558468502},{"name":"Select the dropdown Apparel with the value8 on the page Home","status":"passed","stage":"finished","steps":[],"attachments":[],"parameters":[{"name":"pageName","value":"Home"},{"name":"elementName","value":"Apparel"},{"name":"element","value":"Proxy element for: DefaultElementLocator 'By.xpath: //select[@name='product_attribute_6']'"},{"name":"data","value":"8"}],"start":1587558479334,"stop":1587558489442}],"attachments":[{"name":"Page screenshot","source":"1b55e88a-7f33-4481-93b3-fcb968de8115-attachment","type":"image/png"},{"name":"Page screenshot","source":"29d4b434-4fc5-4a84-9aea-4e5ff6efd6da-attachment","type":"image/png"}],"parameters":[],"start":1587558459959,"stop":1587558489528}],"attachments":[],"parameters":[],"start":1587558420387,"stop":1587558489674,"uuid":"8fd7b365-121a-4d51-bb7a-dff5867b5804","historyId":"433860a9304d060433be2b4508a0b6a0","fullName":"com.testcases.Tc_02_ValidateShoppingCart.Tc_02_ValidateShoppingCart","labels":[{"name":"package","value":"com.testcases.Tc_02_ValidateShoppingCart"},{"name":"testClass","value":"com.testcases.Tc_02_ValidateShoppingCart"},{"name":"testMethod","value":"Tc_02_ValidateShoppingCart"},{"name":"parentSuite","value":"Default Suite"},{"name":"suite","value":"Prathap_POM_TESTNG_MAVEN"},{"name":"subSuite","value":"com.testcases.Tc_02_ValidateShoppingCart"},{"name":"host","value":"DESKTOP-JSMQUV3"},{"name":"thread","value":"13304@DESKTOP-JSMQUV3.main(1)"},{"name":"framework","value":"testng"},{"name":"language","value":"java"},{"name":"severity","value":"critical"}],"links":[]}