{"name":"Tc_02_ValidateShoppingCart","status":"failed","statusDetails":{"known":false,"muted":false,"flaky":false,"message":"Verification to click on product expected [true] but found [false]","trace":"java.lang.AssertionError: Verification to click on product expected [true] but found [false]\r\n\tat org.testng.Assert.fail(Assert.java:97)\r\n\tat org.testng.Assert.assertEqualsImpl(Assert.java:136)\r\n\tat org.testng.Assert.assertEquals(Assert.java:118)\r\n\tat org.testng.Assert.assertEquals(Assert.java:751)\r\n\tat com.applicationpages.HomePage.navigate_To_Electronics_Page(HomePage.java:78)\r\n\tat com.testcases.Tc_02_ValidateShoppingCart.Tc_02_ValidateShoppingCart(Tc_02_ValidateShoppingCart.java:20)\r\n\tat java.base/jdk.internal.reflect.NativeMethodAccessorImpl.invoke0(Native Method)\r\n\tat java.base/jdk.internal.reflect.NativeMethodAccessorImpl.invoke(NativeMethodAccessorImpl.java:62)\r\n\tat java.base/jdk.internal.reflect.DelegatingMethodAccessorImpl.invoke(DelegatingMethodAccessorImpl.java:43)\r\n\tat java.base/java.lang.reflect.Method.invoke(Method.java:566)\r\n\tat org.testng.internal.MethodInvocationHelper.invokeMethod(MethodInvocationHelper.java:134)\r\n\tat org.testng.internal.TestInvoker.invokeMethod(TestInvoker.java:597)\r\n\tat org.testng.internal.TestInvoker.invokeTestMethod(TestInvoker.java:173)\r\n\tat org.testng.internal.MethodRunner.runInSequence(MethodRunner.java:46)\r\n\tat org.testng.internal.TestInvoker$MethodInvocationAgent.invoke(TestInvoker.java:816)\r\n\tat org.testng.internal.TestInvoker.invokeTestMethods(TestInvoker.java:146)\r\n\tat org.testng.internal.TestMethodWorker.invokeTestMethods(TestMethodWorker.java:146)\r\n\tat org.testng.internal.TestMethodWorker.run(TestMethodWorker.java:128)\r\n\tat java.base/java.util.ArrayList.forEach(ArrayList.java:1540)\r\n\tat org.testng.TestRunner.privateRun(TestRunner.java:766)\r\n\tat org.testng.TestRunner.run(TestRunner.java:587)\r\n\tat org.testng.SuiteRunner.runTest(SuiteRunner.java:384)\r\n\tat org.testng.SuiteRunner.runSequentially(SuiteRunner.java:378)\r\n\tat org.testng.SuiteRunner.privateRun(SuiteRunner.java:337)\r\n\tat org.testng.SuiteRunner.run(SuiteRunner.java:286)\r\n\tat org.testng.SuiteRunnerWorker.runSuite(SuiteRunnerWorker.java:53)\r\n\tat org.testng.SuiteRunnerWorker.run(SuiteRunnerWorker.java:96)\r\n\tat org.testng.TestNG.runSuitesSequentially(TestNG.java:1187)\r\n\tat org.testng.TestNG.runSuitesLocally(TestNG.java:1109)\r\n\tat org.testng.TestNG.runSuites(TestNG.java:1039)\r\n\tat org.testng.TestNG.run(TestNG.java:1007)\r\n\tat com.intellij.rt.testng.IDEARemoteTestNG.run(IDEARemoteTestNG.java:66)\r\n\tat com.intellij.rt.testng.RemoteTestNGStarter.main(RemoteTestNGStarter.java:110)\r\n"},"stage":"finished","description":"Validate shoping cart functionality","steps":[{"name":"Launching the browser","status":"passed","stage":"finished","steps":[],"attachments":[{"name":"Page screenshot","source":"95849335-1db1-48a7-895b-87d4dcd3d361-attachment","type":"image/png"}],"parameters":[],"start":1587538046067,"stop":1587538078097},{"name":"Navigate to Electronics Page from HomePage","status":"failed","statusDetails":{"known":false,"muted":false,"flaky":false,"message":"Verification to click on product expected [true] but found [false]","trace":"java.lang.AssertionError: Verification to click on product expected [true] but found [false]\r\n\tat org.testng.Assert.fail(Assert.java:97)\r\n\tat org.testng.Assert.assertEqualsImpl(Assert.java:136)\r\n\tat org.testng.Assert.assertEquals(Assert.java:118)\r\n\tat org.testng.Assert.assertEquals(Assert.java:751)\r\n\tat com.applicationpages.HomePage.navigate_To_Electronics_Page(HomePage.java:78)\r\n\tat com.testcases.Tc_02_ValidateShoppingCart.Tc_02_ValidateShoppingCart(Tc_02_ValidateShoppingCart.java:20)\r\n\tat java.base/jdk.internal.reflect.NativeMethodAccessorImpl.invoke0(Native Method)\r\n\tat java.base/jdk.internal.reflect.NativeMethodAccessorImpl.invoke(NativeMethodAccessorImpl.java:62)\r\n\tat java.base/jdk.internal.reflect.DelegatingMethodAccessorImpl.invoke(DelegatingMethodAccessorImpl.java:43)\r\n\tat java.base/java.lang.reflect.Method.invoke(Method.java:566)\r\n\tat org.testng.internal.MethodInvocationHelper.invokeMethod(MethodInvocationHelper.java:134)\r\n\tat org.testng.internal.TestInvoker.invokeMethod(TestInvoker.java:597)\r\n\tat org.testng.internal.TestInvoker.invokeTestMethod(TestInvoker.java:173)\r\n\tat org.testng.internal.MethodRunner.runInSequence(MethodRunner.java:46)\r\n\tat org.testng.internal.TestInvoker$MethodInvocationAgent.invoke(TestInvoker.java:816)\r\n\tat org.testng.internal.TestInvoker.invokeTestMethods(TestInvoker.java:146)\r\n\tat org.testng.internal.TestMethodWorker.invokeTestMethods(TestMethodWorker.java:146)\r\n\tat org.testng.internal.TestMethodWorker.run(TestMethodWorker.java:128)\r\n\tat java.base/java.util.ArrayList.forEach(ArrayList.java:1540)\r\n\tat org.testng.TestRunner.privateRun(TestRunner.java:766)\r\n\tat org.testng.TestRunner.run(TestRunner.java:587)\r\n\tat org.testng.SuiteRunner.runTest(SuiteRunner.java:384)\r\n\tat org.testng.SuiteRunner.runSequentially(SuiteRunner.java:378)\r\n\tat org.testng.SuiteRunner.privateRun(SuiteRunner.java:337)\r\n\tat org.testng.SuiteRunner.run(SuiteRunner.java:286)\r\n\tat org.testng.SuiteRunnerWorker.runSuite(SuiteRunnerWorker.java:53)\r\n\tat org.testng.SuiteRunnerWorker.run(SuiteRunnerWorker.java:96)\r\n\tat org.testng.TestNG.runSuitesSequentially(TestNG.java:1187)\r\n\tat org.testng.TestNG.runSuitesLocally(TestNG.java:1109)\r\n\tat org.testng.TestNG.runSuites(TestNG.java:1039)\r\n\tat org.testng.TestNG.run(TestNG.java:1007)\r\n\tat com.intellij.rt.testng.IDEARemoteTestNG.run(IDEARemoteTestNG.java:66)\r\n\tat com.intellij.rt.testng.RemoteTestNGStarter.main(RemoteTestNGStarter.java:110)\r\n"},"stage":"finished","steps":[{"name":"Click the element Electronics on the page Home","status":"passed","stage":"finished","steps":[],"attachments":[],"parameters":[{"name":"pageName","value":"Home"},{"name":"elementName","value":"Electronics"},{"name":"element","value":"[[ChromeDriver: chrome on WINDOWS (77ae40c3322c04cda8c24be239cbfd47)] -> xpath: (//a[normalize-space(text())='Electronics'])[1]]"}],"start":1587538078537,"stop":1587538081328},{"name":"Click the element Electronics on the page Home","status":"passed","stage":"finished","steps":[],"attachments":[],"parameters":[{"name":"pageName","value":"Home"},{"name":"elementName","value":"Electronics"},{"name":"element","value":"[[ChromeDriver: chrome on WINDOWS (77ae40c3322c04cda8c24be239cbfd47)] -> xpath: (//a[normalize-space(text())='Cell phones'])[4]]"}],"start":1587538082102,"stop":1587538083644},{"name":"Click the element Electronics on the page Home","status":"passed","stage":"finished","steps":[],"attachments":[],"parameters":[{"name":"pageName","value":"Home"},{"name":"elementName","value":"Electronics"},{"name":"element","value":"Proxy element for: DefaultElementLocator 'By.xpath: (//a[normalize-space(text())='HTC One Mini Blue'])[2]'"}],"start":1587538094313,"stop":1587538104355}],"attachments":[{"name":"Page screenshot","source":"b70581ce-e872-4800-898e-e65c4a848e41-attachment","type":"image/png"},{"name":"Page screenshot","source":"e5d54b56-b5fb-4338-aa87-2cf51e2e7208-attachment","type":"image/png"},{"name":"Page screenshot","source":"d710ba9a-ae75-479b-92a7-98622a63ea43-attachment","type":"image/png"}],"parameters":[],"start":1587538078346,"stop":1587538105276}],"attachments":[],"parameters":[],"start":1587538046028,"stop":1587538105569,"uuid":"b98c6836-0652-4527-b8e2-9aa216d40d19","historyId":"433860a9304d060433be2b4508a0b6a0","fullName":"com.testcases.Tc_02_ValidateShoppingCart.Tc_02_ValidateShoppingCart","labels":[{"name":"package","value":"com.testcases.Tc_02_ValidateShoppingCart"},{"name":"testClass","value":"com.testcases.Tc_02_ValidateShoppingCart"},{"name":"testMethod","value":"Tc_02_ValidateShoppingCart"},{"name":"parentSuite","value":"Default Suite"},{"name":"suite","value":"Prathap_POM_TESTNG_MAVEN"},{"name":"subSuite","value":"com.testcases.Tc_02_ValidateShoppingCart"},{"name":"host","value":"DESKTOP-JSMQUV3"},{"name":"thread","value":"3564@DESKTOP-JSMQUV3.main(1)"},{"name":"framework","value":"testng"},{"name":"language","value":"java"},{"name":"severity","value":"critical"}],"links":[]}