{"name":"Tc_01_RegisterNewUser","status":"broken","statusDetails":{"known":false,"muted":false,"flaky":false,"message":"no such window: target window already closed\nfrom unknown error: web view not found\n  (Session info: chrome=80.0.3987.163)\nBuild info: version: '4.0.0-alpha-5', revision: 'b3a0d621cc'\nSystem info: host: 'DESKTOP-JSMQUV3', ip: '192.168.43.31', os.name: 'Windows 10', os.arch: 'amd64', os.version: '10.0', java.version: '11.0.5'\nDriver info: org.openqa.selenium.chrome.ChromeDriver\nCapabilities {acceptInsecureCerts: false, browserName: chrome, browserVersion: 80.0.3987.163, chrome: {chromedriverVersion: 80.0.3987.106 (f68069574609..., userDataDir: C:\\Users\\srini\\AppData\\Loca...}, goog:chromeOptions: {debuggerAddress: localhost:53141}, javascriptEnabled: true, networkConnectionEnabled: false, pageLoadStrategy: normal, platform: WINDOWS, platformName: WINDOWS, proxy: Proxy(), setWindowRect: true, strictFileInteractability: false, timeouts: {implicit: 0, pageLoad: 300000, script: 30000}, unhandledPromptBehavior: dismiss and notify}\nSession ID: ef6eb76c2bfbf6406fe10e04d0bbc34b","trace":"org.openqa.selenium.NoSuchWindowException: no such window: target window already closed\nfrom unknown error: web view not found\n  (Session info: chrome=80.0.3987.163)\nBuild info: version: '4.0.0-alpha-5', revision: 'b3a0d621cc'\nSystem info: host: 'DESKTOP-JSMQUV3', ip: '192.168.43.31', os.name: 'Windows 10', os.arch: 'amd64', os.version: '10.0', java.version: '11.0.5'\nDriver info: org.openqa.selenium.chrome.ChromeDriver\nCapabilities {acceptInsecureCerts: false, browserName: chrome, browserVersion: 80.0.3987.163, chrome: {chromedriverVersion: 80.0.3987.106 (f68069574609..., userDataDir: C:\\Users\\srini\\AppData\\Loca...}, goog:chromeOptions: {debuggerAddress: localhost:53141}, javascriptEnabled: true, networkConnectionEnabled: false, pageLoadStrategy: normal, platform: WINDOWS, platformName: WINDOWS, proxy: Proxy(), setWindowRect: true, strictFileInteractability: false, timeouts: {implicit: 0, pageLoad: 300000, script: 30000}, unhandledPromptBehavior: dismiss and notify}\nSession ID: ef6eb76c2bfbf6406fe10e04d0bbc34b\r\n\tat jdk.internal.reflect.GeneratedConstructorAccessor15.newInstance(Unknown Source)\r\n\tat java.base/jdk.internal.reflect.DelegatingConstructorAccessorImpl.newInstance(DelegatingConstructorAccessorImpl.java:45)\r\n\tat java.base/java.lang.reflect.Constructor.newInstance(Constructor.java:490)\r\n\tat org.openqa.selenium.remote.codec.w3c.W3CHttpResponseCodec.createException(W3CHttpResponseCodec.java:196)\r\n\tat org.openqa.selenium.remote.codec.w3c.W3CHttpResponseCodec.decode(W3CHttpResponseCodec.java:129)\r\n\tat org.openqa.selenium.remote.codec.w3c.W3CHttpResponseCodec.decode(W3CHttpResponseCodec.java:53)\r\n\tat org.openqa.selenium.remote.HttpCommandExecutor.execute(HttpCommandExecutor.java:161)\r\n\tat org.openqa.selenium.remote.service.DriverCommandExecutor.execute(DriverCommandExecutor.java:83)\r\n\tat org.openqa.selenium.remote.RemoteWebDriver.execute(RemoteWebDriver.java:582)\r\n\tat org.openqa.selenium.remote.RemoteWebDriver.execute(RemoteWebDriver.java:639)\r\n\tat org.openqa.selenium.remote.RemoteWebDriver.execute(RemoteWebDriver.java:643)\r\n\tat org.openqa.selenium.remote.RemoteWebDriver.getScreenshotAs(RemoteWebDriver.java:303)\r\n\tat com.genericmethods.GenericMethods.getScreenshot(GenericMethods.java:214)\r\n\tat com.applicationpages.RegistrationPage.fillRegistartionForm(RegistrationPage.java:90)\r\n\tat com.testcases.Tc_01_RegisterNewUser.Tc_01_RegisterNewUser(Tc_01_RegisterNewUser.java:22)\r\n\tat java.base/jdk.internal.reflect.NativeMethodAccessorImpl.invoke0(Native Method)\r\n\tat java.base/jdk.internal.reflect.NativeMethodAccessorImpl.invoke(NativeMethodAccessorImpl.java:62)\r\n\tat java.base/jdk.internal.reflect.DelegatingMethodAccessorImpl.invoke(DelegatingMethodAccessorImpl.java:43)\r\n\tat java.base/java.lang.reflect.Method.invoke(Method.java:566)\r\n\tat org.testng.internal.MethodInvocationHelper.invokeMethod(MethodInvocationHelper.java:134)\r\n\tat org.testng.internal.TestInvoker.invokeMethod(TestInvoker.java:597)\r\n\tat org.testng.internal.TestInvoker.invokeTestMethod(TestInvoker.java:173)\r\n\tat org.testng.internal.MethodRunner.runInSequence(MethodRunner.java:46)\r\n\tat org.testng.internal.TestInvoker$MethodInvocationAgent.invoke(TestInvoker.java:816)\r\n\tat org.testng.internal.TestInvoker.invokeTestMethods(TestInvoker.java:146)\r\n\tat org.testng.internal.TestMethodWorker.invokeTestMethods(TestMethodWorker.java:146)\r\n\tat org.testng.internal.TestMethodWorker.run(TestMethodWorker.java:128)\r\n\tat java.base/java.util.ArrayList.forEach(ArrayList.java:1540)\r\n\tat org.testng.TestRunner.privateRun(TestRunner.java:766)\r\n\tat org.testng.TestRunner.run(TestRunner.java:587)\r\n\tat org.testng.SuiteRunner.runTest(SuiteRunner.java:384)\r\n\tat org.testng.SuiteRunner.runSequentially(SuiteRunner.java:378)\r\n\tat org.testng.SuiteRunner.privateRun(SuiteRunner.java:337)\r\n\tat org.testng.SuiteRunner.run(SuiteRunner.java:286)\r\n\tat org.testng.SuiteRunnerWorker.runSuite(SuiteRunnerWorker.java:53)\r\n\tat org.testng.SuiteRunnerWorker.run(SuiteRunnerWorker.java:96)\r\n\tat org.testng.TestNG.runSuitesSequentially(TestNG.java:1187)\r\n\tat org.testng.TestNG.runSuitesLocally(TestNG.java:1109)\r\n\tat org.testng.TestNG.runSuites(TestNG.java:1039)\r\n\tat org.testng.TestNG.run(TestNG.java:1007)\r\n\tat com.intellij.rt.testng.IDEARemoteTestNG.run(IDEARemoteTestNG.java:66)\r\n\tat com.intellij.rt.testng.RemoteTestNGStarter.main(RemoteTestNGStarter.java:110)\r\n"},"stage":"finished","description":"Registration of new user","steps":[{"name":"Launching the browser","status":"passed","stage":"finished","steps":[],"attachments":[{"name":"Page screenshot","source":"0f9baa3f-351a-405b-9f52-1983ffd5efe8-attachment","type":"image/png"}],"parameters":[],"start":1587447642744,"stop":1587447703990},{"name":"Navigate to Register Page","status":"passed","stage":"finished","steps":[{"name":"Click the element Register on the page Home","status":"passed","stage":"finished","steps":[],"attachments":[],"parameters":[{"name":"pageName","value":"Home"},{"name":"elementName","value":"Register"},{"name":"element","value":"[[ChromeDriver: chrome on WINDOWS (ef6eb76c2bfbf6406fe10e04d0bbc34b)] -> xpath: //a[text()='Register']]"}],"start":1587447704974,"stop":1587447708300}],"attachments":[{"name":"Page screenshot","source":"840d09d1-0ba2-44ac-bfbf-1006cd6a13ab-attachment","type":"image/png"}],"parameters":[],"start":1587447704783,"stop":1587447709147},{"name":"Fill registartion form","status":"broken","statusDetails":{"known":false,"muted":false,"flaky":false,"message":"no such window: target window already closed\nfrom unknown error: web view not found\n  (Session info: chrome=80.0.3987.163)\nBuild info: version: '4.0.0-alpha-5', revision: 'b3a0d621cc'\nSystem info: host: 'DESKTOP-JSMQUV3', ip: '192.168.43.31', os.name: 'Windows 10', os.arch: 'amd64', os.version: '10.0', java.version: '11.0.5'\nDriver info: org.openqa.selenium.chrome.ChromeDriver\nCapabilities {acceptInsecureCerts: false, browserName: chrome, browserVersion: 80.0.3987.163, chrome: {chromedriverVersion: 80.0.3987.106 (f68069574609..., userDataDir: C:\\Users\\srini\\AppData\\Loca...}, goog:chromeOptions: {debuggerAddress: localhost:53141}, javascriptEnabled: true, networkConnectionEnabled: false, pageLoadStrategy: normal, platform: WINDOWS, platformName: WINDOWS, proxy: Proxy(), setWindowRect: true, strictFileInteractability: false, timeouts: {implicit: 0, pageLoad: 300000, script: 30000}, unhandledPromptBehavior: dismiss and notify}\nSession ID: ef6eb76c2bfbf6406fe10e04d0bbc34b","trace":"org.openqa.selenium.NoSuchWindowException: no such window: target window already closed\nfrom unknown error: web view not found\n  (Session info: chrome=80.0.3987.163)\nBuild info: version: '4.0.0-alpha-5', revision: 'b3a0d621cc'\nSystem info: host: 'DESKTOP-JSMQUV3', ip: '192.168.43.31', os.name: 'Windows 10', os.arch: 'amd64', os.version: '10.0', java.version: '11.0.5'\nDriver info: org.openqa.selenium.chrome.ChromeDriver\nCapabilities {acceptInsecureCerts: false, browserName: chrome, browserVersion: 80.0.3987.163, chrome: {chromedriverVersion: 80.0.3987.106 (f68069574609..., userDataDir: C:\\Users\\srini\\AppData\\Loca...}, goog:chromeOptions: {debuggerAddress: localhost:53141}, javascriptEnabled: true, networkConnectionEnabled: false, pageLoadStrategy: normal, platform: WINDOWS, platformName: WINDOWS, proxy: Proxy(), setWindowRect: true, strictFileInteractability: false, timeouts: {implicit: 0, pageLoad: 300000, script: 30000}, unhandledPromptBehavior: dismiss and notify}\nSession ID: ef6eb76c2bfbf6406fe10e04d0bbc34b\r\n\tat jdk.internal.reflect.GeneratedConstructorAccessor15.newInstance(Unknown Source)\r\n\tat java.base/jdk.internal.reflect.DelegatingConstructorAccessorImpl.newInstance(DelegatingConstructorAccessorImpl.java:45)\r\n\tat java.base/java.lang.reflect.Constructor.newInstance(Constructor.java:490)\r\n\tat org.openqa.selenium.remote.codec.w3c.W3CHttpResponseCodec.createException(W3CHttpResponseCodec.java:196)\r\n\tat org.openqa.selenium.remote.codec.w3c.W3CHttpResponseCodec.decode(W3CHttpResponseCodec.java:129)\r\n\tat org.openqa.selenium.remote.codec.w3c.W3CHttpResponseCodec.decode(W3CHttpResponseCodec.java:53)\r\n\tat org.openqa.selenium.remote.HttpCommandExecutor.execute(HttpCommandExecutor.java:161)\r\n\tat org.openqa.selenium.remote.service.DriverCommandExecutor.execute(DriverCommandExecutor.java:83)\r\n\tat org.openqa.selenium.remote.RemoteWebDriver.execute(RemoteWebDriver.java:582)\r\n\tat org.openqa.selenium.remote.RemoteWebDriver.execute(RemoteWebDriver.java:639)\r\n\tat org.openqa.selenium.remote.RemoteWebDriver.execute(RemoteWebDriver.java:643)\r\n\tat org.openqa.selenium.remote.RemoteWebDriver.getScreenshotAs(RemoteWebDriver.java:303)\r\n\tat com.genericmethods.GenericMethods.getScreenshot(GenericMethods.java:214)\r\n\tat com.applicationpages.RegistrationPage.fillRegistartionForm(RegistrationPage.java:90)\r\n\tat com.testcases.Tc_01_RegisterNewUser.Tc_01_RegisterNewUser(Tc_01_RegisterNewUser.java:22)\r\n\tat java.base/jdk.internal.reflect.NativeMethodAccessorImpl.invoke0(Native Method)\r\n\tat java.base/jdk.internal.reflect.NativeMethodAccessorImpl.invoke(NativeMethodAccessorImpl.java:62)\r\n\tat java.base/jdk.internal.reflect.DelegatingMethodAccessorImpl.invoke(DelegatingMethodAccessorImpl.java:43)\r\n\tat java.base/java.lang.reflect.Method.invoke(Method.java:566)\r\n\tat org.testng.internal.MethodInvocationHelper.invokeMethod(MethodInvocationHelper.java:134)\r\n\tat org.testng.internal.TestInvoker.invokeMethod(TestInvoker.java:597)\r\n\tat org.testng.internal.TestInvoker.invokeTestMethod(TestInvoker.java:173)\r\n\tat org.testng.internal.MethodRunner.runInSequence(MethodRunner.java:46)\r\n\tat org.testng.internal.TestInvoker$MethodInvocationAgent.invoke(TestInvoker.java:816)\r\n\tat org.testng.internal.TestInvoker.invokeTestMethods(TestInvoker.java:146)\r\n\tat org.testng.internal.TestMethodWorker.invokeTestMethods(TestMethodWorker.java:146)\r\n\tat org.testng.internal.TestMethodWorker.run(TestMethodWorker.java:128)\r\n\tat java.base/java.util.ArrayList.forEach(ArrayList.java:1540)\r\n\tat org.testng.TestRunner.privateRun(TestRunner.java:766)\r\n\tat org.testng.TestRunner.run(TestRunner.java:587)\r\n\tat org.testng.SuiteRunner.runTest(SuiteRunner.java:384)\r\n\tat org.testng.SuiteRunner.runSequentially(SuiteRunner.java:378)\r\n\tat org.testng.SuiteRunner.privateRun(SuiteRunner.java:337)\r\n\tat org.testng.SuiteRunner.run(SuiteRunner.java:286)\r\n\tat org.testng.SuiteRunnerWorker.runSuite(SuiteRunnerWorker.java:53)\r\n\tat org.testng.SuiteRunnerWorker.run(SuiteRunnerWorker.java:96)\r\n\tat org.testng.TestNG.runSuitesSequentially(TestNG.java:1187)\r\n\tat org.testng.TestNG.runSuitesLocally(TestNG.java:1109)\r\n\tat org.testng.TestNG.runSuites(TestNG.java:1039)\r\n\tat org.testng.TestNG.run(TestNG.java:1007)\r\n\tat com.intellij.rt.testng.IDEARemoteTestNG.run(IDEARemoteTestNG.java:66)\r\n\tat com.intellij.rt.testng.RemoteTestNGStarter.main(RemoteTestNGStarter.java:110)\r\n"},"stage":"finished","steps":[{"name":"Click the element Gender Male on the page Registration","status":"passed","stage":"finished","steps":[],"attachments":[],"parameters":[{"name":"pageName","value":"Registration"},{"name":"elementName","value":"Gender Male"},{"name":"element","value":"[[ChromeDriver: chrome on WINDOWS (ef6eb76c2bfbf6406fe10e04d0bbc34b)] -> xpath: //input[@id='gender-male']]"}],"start":1587447710701,"stop":1587447711037},{"name":"Enter the data for the element First Name on the page Registration","status":"passed","stage":"finished","steps":[],"attachments":[],"parameters":[{"name":"pageName","value":"Registration"},{"name":"elementName","value":"First Name"},{"name":"element","value":"[[ChromeDriver: chrome on WINDOWS (ef6eb76c2bfbf6406fe10e04d0bbc34b)] -> xpath: //input[@id='FirstName']]"},{"name":"data","value":"user"}],"start":1587447711079,"stop":1587447712674},{"name":"Enter the data for the element First Name on the page Registration","status":"passed","stage":"finished","steps":[],"attachments":[],"parameters":[{"name":"pageName","value":"Registration"},{"name":"elementName","value":"First Name"},{"name":"element","value":"[[ChromeDriver: chrome on WINDOWS (ef6eb76c2bfbf6406fe10e04d0bbc34b)] -> xpath: //input[@id='LastName']]"},{"name":"data","value":"lname"}],"start":1587447712719,"stop":1587447713252},{"name":"Select the dropdown Day with the value9 on the page Registration","status":"passed","stage":"finished","steps":[],"attachments":[],"parameters":[{"name":"pageName","value":"Registration"},{"name":"elementName","value":"Day"},{"name":"element","value":"[[ChromeDriver: chrome on WINDOWS (ef6eb76c2bfbf6406fe10e04d0bbc34b)] -> xpath: //select[@name='DateOfBirthDay']]"},{"name":"data","value":"9"}],"start":1587447713285,"stop":1587447714139},{"name":"Select the dropdown Month with the valueJuly on the page Registration","status":"passed","stage":"finished","steps":[],"attachments":[],"parameters":[{"name":"pageName","value":"Registration"},{"name":"elementName","value":"Month"},{"name":"element","value":"[[ChromeDriver: chrome on WINDOWS (ef6eb76c2bfbf6406fe10e04d0bbc34b)] -> xpath: //select[@name='DateOfBirthMonth']]"},{"name":"data","value":"July"}],"start":1587447714166,"stop":1587447714351},{"name":"Select the dropdown Year with the value1990 on the page Registration","status":"passed","stage":"finished","steps":[],"attachments":[],"parameters":[{"name":"pageName","value":"Registration"},{"name":"elementName","value":"Year"},{"name":"element","value":"[[ChromeDriver: chrome on WINDOWS (ef6eb76c2bfbf6406fe10e04d0bbc34b)] -> xpath: //select[@name='DateOfBirthYear']]"},{"name":"data","value":"1990"}],"start":1587447714378,"stop":1587447714553},{"name":"Enter the data for the element Email on the page Registration","status":"passed","stage":"finished","steps":[],"attachments":[],"parameters":[{"name":"pageName","value":"Registration"},{"name":"elementName","value":"Email"},{"name":"element","value":"[[ChromeDriver: chrome on WINDOWS (ef6eb76c2bfbf6406fe10e04d0bbc34b)] -> xpath: //input[@name='Email']]"},{"name":"data","value":"abc11110655@gmail.com"}],"start":1587447714578,"stop":1587447715314},{"name":"Enter the data for the element Password on the page Registration","status":"passed","stage":"finished","steps":[],"attachments":[],"parameters":[{"name":"pageName","value":"Registration"},{"name":"elementName","value":"Password"},{"name":"element","value":"[[ChromeDriver: chrome on WINDOWS (ef6eb76c2bfbf6406fe10e04d0bbc34b)] -> xpath: //input[@name='Password']]"},{"name":"data","value":"pass1234"}],"start":1587447715336,"stop":1587447716117},{"name":"Enter the data for the element Confirm Password on the page Registration","status":"passed","stage":"finished","steps":[],"attachments":[],"parameters":[{"name":"pageName","value":"Registration"},{"name":"elementName","value":"Confirm Password"},{"name":"element","value":"[[ChromeDriver: chrome on WINDOWS (ef6eb76c2bfbf6406fe10e04d0bbc34b)] -> xpath: //input[@name='ConfirmPassword']]"},{"name":"data","value":"pass1234"}],"start":1587447716140,"stop":1587447716630},{"name":"Click the element Register on the page Registration","status":"passed","stage":"finished","steps":[],"attachments":[],"parameters":[{"name":"pageName","value":"Registration"},{"name":"elementName","value":"Register"},{"name":"element","value":"[[ChromeDriver: chrome on WINDOWS (ef6eb76c2bfbf6406fe10e04d0bbc34b)] -> xpath: //input[@name='register-button']]"}],"start":1587447717059,"stop":1587447720396},{"name":"Verify the Element Successfull Message is displayed on the page Registration","status":"passed","stage":"finished","steps":[],"attachments":[],"parameters":[{"name":"pageName","value":"Registration"},{"name":"elementName","value":"Successfull Message"},{"name":"element","value":"Proxy element for: DefaultElementLocator 'By.xpath: //div[text()='Your registration completed']'"},{"name":"sec","value":"35"}],"start":1587447730565,"stop":1587447766065}],"attachments":[{"name":"Page screenshot","source":"16e7a4cc-cf56-4284-b839-6b7b86c92d6b-attachment","type":"image/png"}],"parameters":[],"start":1587447710654,"stop":1587447766777}],"attachments":[],"parameters":[],"start":1587447642676,"stop":1587447767279,"uuid":"ba79e5f6-bced-47bb-8b85-5f212161095d","historyId":"6a45aebacdf3ab19954e4218a069f944","fullName":"com.testcases.Tc_01_RegisterNewUser.Tc_01_RegisterNewUser","labels":[{"name":"package","value":"com.testcases.Tc_01_RegisterNewUser"},{"name":"testClass","value":"com.testcases.Tc_01_RegisterNewUser"},{"name":"testMethod","value":"Tc_01_RegisterNewUser"},{"name":"parentSuite","value":"Default Suite"},{"name":"suite","value":"Prathap_POM_TESTNG_MAVEN"},{"name":"subSuite","value":"com.testcases.Tc_01_RegisterNewUser"},{"name":"host","value":"DESKTOP-JSMQUV3"},{"name":"thread","value":"9156@DESKTOP-JSMQUV3.main(1)"},{"name":"framework","value":"testng"},{"name":"language","value":"java"},{"name":"severity","value":"critical"}],"links":[]}