{"name":"Tc_02_ValidateShoppingCart","status":"failed","statusDetails":{"known":false,"muted":false,"flaky":false,"message":"Verification to click on product expected [true] but found [false]","trace":"java.lang.AssertionError: Verification to click on product expected [true] but found [false]\r\n\tat org.testng.Assert.fail(Assert.java:97)\r\n\tat org.testng.Assert.assertEqualsImpl(Assert.java:136)\r\n\tat org.testng.Assert.assertEquals(Assert.java:118)\r\n\tat org.testng.Assert.assertEquals(Assert.java:751)\r\n\tat com.applicationpages.HomePage.navigate_To_Electronics_Page(HomePage.java:78)\r\n\tat com.testcases.Tc_02_ValidateShoppingCart.Tc_02_ValidateShoppingCart(Tc_02_ValidateShoppingCart.java:20)\r\n\tat java.base/jdk.internal.reflect.NativeMethodAccessorImpl.invoke0(Native Method)\r\n\tat java.base/jdk.internal.reflect.NativeMethodAccessorImpl.invoke(NativeMethodAccessorImpl.java:62)\r\n\tat java.base/jdk.internal.reflect.DelegatingMethodAccessorImpl.invoke(DelegatingMethodAccessorImpl.java:43)\r\n\tat java.base/java.lang.reflect.Method.invoke(Method.java:566)\r\n\tat org.testng.internal.MethodInvocationHelper.invokeMethod(MethodInvocationHelper.java:134)\r\n\tat org.testng.internal.TestInvoker.invokeMethod(TestInvoker.java:597)\r\n\tat org.testng.internal.TestInvoker.invokeTestMethod(TestInvoker.java:173)\r\n\tat org.testng.internal.MethodRunner.runInSequence(MethodRunner.java:46)\r\n\tat org.testng.internal.TestInvoker$MethodInvocationAgent.invoke(TestInvoker.java:816)\r\n\tat org.testng.internal.TestInvoker.invokeTestMethods(TestInvoker.java:146)\r\n\tat org.testng.internal.TestMethodWorker.invokeTestMethods(TestMethodWorker.java:146)\r\n\tat org.testng.internal.TestMethodWorker.run(TestMethodWorker.java:128)\r\n\tat java.base/java.util.ArrayList.forEach(ArrayList.java:1540)\r\n\tat org.testng.TestRunner.privateRun(TestRunner.java:766)\r\n\tat org.testng.TestRunner.run(TestRunner.java:587)\r\n\tat org.testng.SuiteRunner.runTest(SuiteRunner.java:384)\r\n\tat org.testng.SuiteRunner.runSequentially(SuiteRunner.java:378)\r\n\tat org.testng.SuiteRunner.privateRun(SuiteRunner.java:337)\r\n\tat org.testng.SuiteRunner.run(SuiteRunner.java:286)\r\n\tat org.testng.SuiteRunnerWorker.runSuite(SuiteRunnerWorker.java:53)\r\n\tat org.testng.SuiteRunnerWorker.run(SuiteRunnerWorker.java:96)\r\n\tat org.testng.TestNG.runSuitesSequentially(TestNG.java:1187)\r\n\tat org.testng.TestNG.runSuitesLocally(TestNG.java:1109)\r\n\tat org.testng.TestNG.runSuites(TestNG.java:1039)\r\n\tat org.testng.TestNG.run(TestNG.java:1007)\r\n\tat com.intellij.rt.testng.IDEARemoteTestNG.run(IDEARemoteTestNG.java:66)\r\n\tat com.intellij.rt.testng.RemoteTestNGStarter.main(RemoteTestNGStarter.java:110)\r\n"},"stage":"finished","description":"Validate shoping cart functionality","steps":[{"name":"Launching the browser","status":"passed","stage":"finished","steps":[],"attachments":[{"name":"Page screenshot","source":"d56ac018-3b7e-4d23-b8c3-e0f23ed4f058-attachment","type":"image/png"}],"parameters":[],"start":1587537693548,"stop":1587537745968},{"name":"Navigate to Electronics Page from HomePage","status":"failed","statusDetails":{"known":false,"muted":false,"flaky":false,"message":"Verification to click on product expected [true] but found [false]","trace":"java.lang.AssertionError: Verification to click on product expected [true] but found [false]\r\n\tat org.testng.Assert.fail(Assert.java:97)\r\n\tat org.testng.Assert.assertEqualsImpl(Assert.java:136)\r\n\tat org.testng.Assert.assertEquals(Assert.java:118)\r\n\tat org.testng.Assert.assertEquals(Assert.java:751)\r\n\tat com.applicationpages.HomePage.navigate_To_Electronics_Page(HomePage.java:78)\r\n\tat com.testcases.Tc_02_ValidateShoppingCart.Tc_02_ValidateShoppingCart(Tc_02_ValidateShoppingCart.java:20)\r\n\tat java.base/jdk.internal.reflect.NativeMethodAccessorImpl.invoke0(Native Method)\r\n\tat java.base/jdk.internal.reflect.NativeMethodAccessorImpl.invoke(NativeMethodAccessorImpl.java:62)\r\n\tat java.base/jdk.internal.reflect.DelegatingMethodAccessorImpl.invoke(DelegatingMethodAccessorImpl.java:43)\r\n\tat java.base/java.lang.reflect.Method.invoke(Method.java:566)\r\n\tat org.testng.internal.MethodInvocationHelper.invokeMethod(MethodInvocationHelper.java:134)\r\n\tat org.testng.internal.TestInvoker.invokeMethod(TestInvoker.java:597)\r\n\tat org.testng.internal.TestInvoker.invokeTestMethod(TestInvoker.java:173)\r\n\tat org.testng.internal.MethodRunner.runInSequence(MethodRunner.java:46)\r\n\tat org.testng.internal.TestInvoker$MethodInvocationAgent.invoke(TestInvoker.java:816)\r\n\tat org.testng.internal.TestInvoker.invokeTestMethods(TestInvoker.java:146)\r\n\tat org.testng.internal.TestMethodWorker.invokeTestMethods(TestMethodWorker.java:146)\r\n\tat org.testng.internal.TestMethodWorker.run(TestMethodWorker.java:128)\r\n\tat java.base/java.util.ArrayList.forEach(ArrayList.java:1540)\r\n\tat org.testng.TestRunner.privateRun(TestRunner.java:766)\r\n\tat org.testng.TestRunner.run(TestRunner.java:587)\r\n\tat org.testng.SuiteRunner.runTest(SuiteRunner.java:384)\r\n\tat org.testng.SuiteRunner.runSequentially(SuiteRunner.java:378)\r\n\tat org.testng.SuiteRunner.privateRun(SuiteRunner.java:337)\r\n\tat org.testng.SuiteRunner.run(SuiteRunner.java:286)\r\n\tat org.testng.SuiteRunnerWorker.runSuite(SuiteRunnerWorker.java:53)\r\n\tat org.testng.SuiteRunnerWorker.run(SuiteRunnerWorker.java:96)\r\n\tat org.testng.TestNG.runSuitesSequentially(TestNG.java:1187)\r\n\tat org.testng.TestNG.runSuitesLocally(TestNG.java:1109)\r\n\tat org.testng.TestNG.runSuites(TestNG.java:1039)\r\n\tat org.testng.TestNG.run(TestNG.java:1007)\r\n\tat com.intellij.rt.testng.IDEARemoteTestNG.run(IDEARemoteTestNG.java:66)\r\n\tat com.intellij.rt.testng.RemoteTestNGStarter.main(RemoteTestNGStarter.java:110)\r\n"},"stage":"finished","steps":[{"name":"Click the element Electronics on the page Home","status":"passed","stage":"finished","steps":[],"attachments":[],"parameters":[{"name":"pageName","value":"Home"},{"name":"elementName","value":"Electronics"},{"name":"element","value":"[[ChromeDriver: chrome on WINDOWS (83a234f7770279b14dfce276e0096dcc)] -> xpath: (//a[normalize-space(text())='Electronics'])[1]]"}],"start":1587537746245,"stop":1587537749844},{"name":"Click the element Electronics on the page Home","status":"passed","stage":"finished","steps":[],"attachments":[],"parameters":[{"name":"pageName","value":"Home"},{"name":"elementName","value":"Electronics"},{"name":"element","value":"[[ChromeDriver: chrome on WINDOWS (83a234f7770279b14dfce276e0096dcc)] -> xpath: (//a[normalize-space(text())='Cell phones'])[4]]"}],"start":1587537750466,"stop":1587537752238},{"name":"Click the element Electronics on the page Home","status":"passed","stage":"finished","steps":[],"attachments":[],"parameters":[{"name":"pageName","value":"Home"},{"name":"elementName","value":"Electronics"},{"name":"element","value":"Proxy element for: DefaultElementLocator 'By.xpath: (//a[normalize-space(text())='HTC One Mini Blue'])[2]'"}],"start":1587537763332,"stop":1587537773424}],"attachments":[{"name":"Page screenshot","source":"60f416ef-7a18-480b-b353-1a9562dfcd2b-attachment","type":"image/png"},{"name":"Page screenshot","source":"1051075e-9e21-48d1-9e1a-28d4a6f50778-attachment","type":"image/png"},{"name":"Page screenshot","source":"c302d743-c7ca-4b67-9702-0fa10ef44e5a-attachment","type":"image/png"}],"parameters":[],"start":1587537746184,"stop":1587537774010}],"attachments":[],"parameters":[],"start":1587537693513,"stop":1587537774167,"uuid":"d458db0b-99d7-4caa-8bbe-294e711388b8","historyId":"433860a9304d060433be2b4508a0b6a0","fullName":"com.testcases.Tc_02_ValidateShoppingCart.Tc_02_ValidateShoppingCart","labels":[{"name":"package","value":"com.testcases.Tc_02_ValidateShoppingCart"},{"name":"testClass","value":"com.testcases.Tc_02_ValidateShoppingCart"},{"name":"testMethod","value":"Tc_02_ValidateShoppingCart"},{"name":"parentSuite","value":"Default Suite"},{"name":"suite","value":"Prathap_POM_TESTNG_MAVEN"},{"name":"subSuite","value":"com.testcases.Tc_02_ValidateShoppingCart"},{"name":"host","value":"DESKTOP-JSMQUV3"},{"name":"thread","value":"8696@DESKTOP-JSMQUV3.main(1)"},{"name":"framework","value":"testng"},{"name":"language","value":"java"},{"name":"severity","value":"critical"}],"links":[]}